com.generic.readandbill/build/intermediates/manifest_merge_blame_file/debug/manifest-merger-blame-debug-report.txt
1<?xml version="1.0" encoding="utf-8"?>
2<manifest xmlns:android="http://schemas.android.com/apk/res/android"
3    xmlns:tools="http://schemas.android.com/tools"
4    package="com.generic.readandbill"
5    android:versionCode="1"
6    android:versionName="1.0" >
7
8    <uses-sdk
8-->laneco_private_code_java\com.generic.readandbill\AndroidManifest.xml:9:5-11:41
9        android:minSdkVersion="1"
9-->laneco_private_code_java\com.generic.readandbill\AndroidManifest.xml:10:9-34
10        android:targetSdkVersion="33" />
10-->laneco_private_code_java\com.generic.readandbill\AndroidManifest.xml:11:9-38
11
12    <uses-permission android:name="android.permission.READ_EXTERNAL_STORAGE" />
12-->laneco_private_code_java\com.generic.readandbill\AndroidManifest.xml:7:5-80
12-->laneco_private_code_java\com.generic.readandbill\AndroidManifest.xml:7:22-77
13    <uses-permission android:name="android.permission.WRITE_EXTERNAL_STORAGE" />
13-->laneco_private_code_java\com.generic.readandbill\AndroidManifest.xml:8:5-81
13-->laneco_private_code_java\com.generic.readandbill\AndroidManifest.xml:8:22-78
14    <uses-permission android:name="android.permission.READ_EXTERNAL_STORAGE" />
14-->laneco_private_code_java\com.generic.readandbill\AndroidManifest.xml:7:5-80
14-->laneco_private_code_java\com.generic.readandbill\AndroidManifest.xml:7:22-77
15    <uses-permission android:name="android.permission.WRITE_EXTERNAL_STORAGE" />
15-->laneco_private_code_java\com.generic.readandbill\AndroidManifest.xml:8:5-81
15-->laneco_private_code_java\com.generic.readandbill\AndroidManifest.xml:8:22-78
16    <uses-permission android:name="android.permission.MANAGE_EXTERNAL_STORAGE" />
16-->laneco_private_code_java\com.generic.readandbill\AndroidManifest.xml:15:5-81
16-->laneco_private_code_java\com.generic.readandbill\AndroidManifest.xml:15:22-79
17
18    <application
18-->laneco_private_code_java\com.generic.readandbill\AndroidManifest.xml:17:5-27:19
19        android:allowBackup="true"
19-->laneco_private_code_java\com.generic.readandbill\AndroidManifest.xml:18:9-35
20        android:icon="@drawable/genericsplashscreen"
20-->laneco_private_code_java\com.generic.readandbill\AndroidManifest.xml:19:9-53
21        android:label="@string/app_name"
21-->laneco_private_code_java\com.generic.readandbill\AndroidManifest.xml:20:9-41
22        android:requestLegacyExternalStorage="true"
22-->laneco_private_code_java\com.generic.readandbill\AndroidManifest.xml:21:9-52
23        android:theme="@style/AppTheme"
23-->laneco_private_code_java\com.generic.readandbill\AndroidManifest.xml:23:9-40
24        tools:targetApi="30" >
24-->laneco_private_code_java\com.generic.readandbill\AndroidManifest.xml:22:9-29
25    </application>
26
27</manifest>